# JRE version: OpenJDK Runtime Environment (8.0_191-b12) (build 1.8.0_191-8u191-b12-0ubuntu0.16.04.1-b12)
# Java VM: OpenJDK 64-Bit Server VM (25.191-b12 mixed mode linux-amd64 compressed oops)
Heap:
 PSYoungGen      total 44032K, used 36674K [0x00000000e6400000, 0x00000000e9200000, 0x0000000100000000)
  eden space 40960K, 82% used [0x00000000e6400000,0x00000000e84d6200,0x00000000e8c00000)
  from space 3072K, 99% used [0x00000000e8f00000,0x00000000e91fa840,0x00000000e9200000)
  to   space 3072K, 0% used [0x00000000e8c00000,0x00000000e8c00000,0x00000000e8f00000)
 ParOldGen       total 53248K, used 16310K [0x00000000b2c00000, 0x00000000b6000000, 0x00000000e6400000)
  object space 53248K, 30% used [0x00000000b2c00000,0x00000000b3bed9e0,0x00000000b6000000)
 Metaspace       used 18233K, capacity 18652K, committed 18944K, reserved 1067008K
  class space    used 2032K, capacity 2198K, committed 2304K, reserved 1048576K
GC Heap History (8 events):
Event: 0.975 GC heap before
{Heap before GC invocations=1 (full 0):
 PSYoungGen      total 23552K, used 20480K [0x00000000e6400000, 0x00000000e7e00000, 0x0000000100000000)
  eden space 20480K, 100% used [0x00000000e6400000,0x00000000e7800000,0x00000000e7800000)
  from space 3072K, 0% used [0x00000000e7b00000,0x00000000e7b00000,0x00000000e7e00000)
  to   space 3072K, 0% used [0x00000000e7800000,0x00000000e7800000,0x00000000e7b00000)
 ParOldGen       total 53248K, used 0K [0x00000000b2c00000, 0x00000000b6000000, 0x00000000e6400000)
  object space 53248K, 0% used [0x00000000b2c00000,0x00000000b2c00000,0x00000000b6000000)
 Metaspace       used 10914K, capacity 11270K, committed 11392K, reserved 1058816K
  class space    used 1175K, capacity 1295K, committed 1408K, reserved 1048576K
Event: 0.980 GC heap after
Heap after GC invocations=1 (full 0):
 PSYoungGen      total 23552K, used 3040K [0x00000000e6400000, 0x00000000e7e00000, 0x0000000100000000)
  eden space 20480K, 0% used [0x00000000e6400000,0x00000000e6400000,0x00000000e7800000)
  from space 3072K, 98% used [0x00000000e7800000,0x00000000e7af8030,0x00000000e7b00000)
  to   space 3072K, 0% used [0x00000000e7b00000,0x00000000e7b00000,0x00000000e7e00000)
 ParOldGen       total 53248K, used 1768K [0x00000000b2c00000, 0x00000000b6000000, 0x00000000e6400000)
  object space 53248K, 3% used [0x00000000b2c00000,0x00000000b2dba070,0x00000000b6000000)
 Metaspace       used 10914K, capacity 11270K, committed 11392K, reserved 1058816K
  class space    used 1175K, capacity 1295K, committed 1408K, reserved 1048576K
}
Event: 1.462 GC heap before
{Heap before GC invocations=2 (full 0):
 PSYoungGen      total 23552K, used 23520K [0x00000000e6400000, 0x00000000e7e00000, 0x0000000100000000)
  eden space 20480K, 100% used [0x00000000e6400000,0x00000000e7800000,0x00000000e7800000)
  from space 3072K, 98% used [0x00000000e7800000,0x00000000e7af8030,0x00000000e7b00000)
  to   space 3072K, 0% used [0x00000000e7b00000,0x00000000e7b00000,0x00000000e7e00000)
 ParOldGen       total 53248K, used 1768K [0x00000000b2c00000, 0x00000000b6000000, 0x00000000e6400000)
  object space 53248K, 3% used [0x00000000b2c00000,0x00000000b2dba070,0x00000000b6000000)
 Metaspace       used 14612K, capacity 14910K, committed 15104K, reserved 1062912K
  class space    used 1613K, capacity 1718K, committed 1792K, reserved 1048576K
Event: 1.470 GC heap after
Heap after GC invocations=2 (full 0):
 PSYoungGen      total 23552K, used 3050K [0x00000000e6400000, 0x00000000e7e00000, 0x0000000100000000)
  eden space 20480K, 0% used [0x00000000e6400000,0x00000000e6400000,0x00000000e7800000)
  from space 3072K, 99% used [0x00000000e7b00000,0x00000000e7dfa840,0x00000000e7e00000)
  to   space 3072K, 0% used [0x00000000e7800000,0x00000000e7800000,0x00000000e7b00000)
 ParOldGen       total 53248K, used 7047K [0x00000000b2c00000, 0x00000000b6000000, 0x00000000e6400000)
  object space 53248K, 13% used [0x00000000b2c00000,0x00000000b32e1f28,0x00000000b6000000)
 Metaspace       used 14612K, capacity 14910K, committed 15104K, reserved 1062912K
  class space    used 1613K, capacity 1718K, committed 1792K, reserved 1048576K
}
Event: 1.634 GC heap before
{Heap before GC invocations=3 (full 0):
 PSYoungGen      total 23552K, used 23530K [0x00000000e6400000, 0x00000000e7e00000, 0x0000000100000000)
  eden space 20480K, 100% used [0x00000000e6400000,0x00000000e7800000,0x00000000e7800000)
  from space 3072K, 99% used [0x00000000e7b00000,0x00000000e7dfa840,0x00000000e7e00000)
  to   space 3072K, 0% used [0x00000000e7800000,0x00000000e7800000,0x00000000e7b00000)
 ParOldGen       total 53248K, used 7047K [0x00000000b2c00000, 0x00000000b6000000, 0x00000000e6400000)
  object space 53248K, 13% used [0x00000000b2c00000,0x00000000b32e1f28,0x00000000b6000000)
 Metaspace       used 15302K, capacity 15626K, committed 15872K, reserved 1062912K
  class space    used 1696K, capacity 1785K, committed 1792K, reserved 1048576K
Event: 1.641 GC heap after
Heap after GC invocations=3 (full 0):
 PSYoungGen      total 23552K, used 3050K [0x00000000e6400000, 0x00000000e9200000, 0x0000000100000000)
  eden space 20480K, 0% used [0x00000000e6400000,0x00000000e6400000,0x00000000e7800000)
  from space 3072K, 99% used [0x00000000e7800000,0x00000000e7afa860,0x00000000e7b00000)
  to   space 3072K, 0% used [0x00000000e8f00000,0x00000000e8f00000,0x00000000e9200000)
 ParOldGen       total 53248K, used 12670K [0x00000000b2c00000, 0x00000000b6000000, 0x00000000e6400000)
  object space 53248K, 23% used [0x00000000b2c00000,0x00000000b385f900,0x00000000b6000000)
 Metaspace       used 15302K, capacity 15626K, committed 15872K, reserved 1062912K
  class space    used 1696K, capacity 1785K, committed 1792K, reserved 1048576K
}
Event: 1.878 GC heap before
{Heap before GC invocations=4 (full 0):
 PSYoungGen      total 23552K, used 23530K [0x00000000e6400000, 0x00000000e9200000, 0x0000000100000000)
  eden space 20480K, 100% used [0x00000000e6400000,0x00000000e7800000,0x00000000e7800000)
  from space 3072K, 99% used [0x00000000e7800000,0x00000000e7afa860,0x00000000e7b00000)
  to   space 3072K, 0% used [0x00000000e8f00000,0x00000000e8f00000,0x00000000e9200000)
 ParOldGen       total 53248K, used 12670K [0x00000000b2c00000, 0x00000000b6000000, 0x00000000e6400000)
  object space 53248K, 23% used [0x00000000b2c00000,0x00000000b385f900,0x00000000b6000000)
 Metaspace       used 16497K, capacity 16874K, committed 17152K, reserved 1064960K
  class space    used 1827K, capacity 1945K, committed 2048K, reserved 1048576K
Event: 1.884 GC heap after
Heap after GC invocations=4 (full 0):
 PSYoungGen      total 44032K, used 3050K [0x00000000e6400000, 0x00000000e9200000, 0x0000000100000000)
  eden space 40960K, 0% used [0x00000000e6400000,0x00000000e6400000,0x00000000e8c00000)
  from space 3072K, 99% used [0x00000000e8f00000,0x00000000e91fa840,0x00000000e9200000)
  to   space 3072K, 0% used [0x00000000e8c00000,0x00000000e8c00000,0x00000000e8f00000)
 ParOldGen       total 53248K, used 16310K [0x00000000b2c00000, 0x00000000b6000000, 0x00000000e6400000)
  object space 53248K, 30% used [0x00000000b2c00000,0x00000000b3bed9e0,0x00000000b6000000)
 Metaspace       used 16497K, capacity 16874K, committed 17152K, reserved 1064960K
  class space    used 1827K, capacity 1945K, committed 2048K, reserved 1048576K
}

