# JRE version: OpenJDK Runtime Environment (8.0_191-b12) (build 1.8.0_191-8u191-b12-0ubuntu0.16.04.1-b12)
# Java VM: OpenJDK 64-Bit Server VM (25.191-b12 mixed mode linux-amd64 compressed oops)
Heap:
 PSYoungGen      total 44032K, used 37630K [0x00000000e6400000, 0x00000000eba00000, 0x0000000100000000)
  eden space 40960K, 84% used [0x00000000e6400000,0x00000000e85c11c8,0x00000000e8c00000)
  from space 3072K, 99% used [0x00000000e8c00000,0x00000000e8efe850,0x00000000e8f00000)
  to   space 3072K, 0% used [0x00000000eb700000,0x00000000eb700000,0x00000000eba00000)
 ParOldGen       total 53248K, used 15939K [0x00000000b2c00000, 0x00000000b6000000, 0x00000000e6400000)
  object space 53248K, 29% used [0x00000000b2c00000,0x00000000b3b90c48,0x00000000b6000000)
 Metaspace       used 18254K, capacity 18652K, committed 18944K, reserved 1067008K
  class space    used 2033K, capacity 2198K, committed 2304K, reserved 1048576K
GC Heap History (6 events):
Event: 0.462 GC heap before
{Heap before GC invocations=1 (full 0):
 PSYoungGen      total 23552K, used 20480K [0x00000000e6400000, 0x00000000e7e00000, 0x0000000100000000)
  eden space 20480K, 100% used [0x00000000e6400000,0x00000000e7800000,0x00000000e7800000)
  from space 3072K, 0% used [0x00000000e7b00000,0x00000000e7b00000,0x00000000e7e00000)
  to   space 3072K, 0% used [0x00000000e7800000,0x00000000e7800000,0x00000000e7b00000)
 ParOldGen       total 53248K, used 0K [0x00000000b2c00000, 0x00000000b6000000, 0x00000000e6400000)
  object space 53248K, 0% used [0x00000000b2c00000,0x00000000b2c00000,0x00000000b6000000)
 Metaspace       used 10924K, capacity 11270K, committed 11392K, reserved 1058816K
  class space    used 1175K, capacity 1295K, committed 1408K, reserved 1048576K
Event: 0.512 GC heap after
Heap after GC invocations=1 (full 0):
 PSYoungGen      total 23552K, used 3040K [0x00000000e6400000, 0x00000000e9200000, 0x0000000100000000)
  eden space 20480K, 0% used [0x00000000e6400000,0x00000000e6400000,0x00000000e7800000)
  from space 3072K, 98% used [0x00000000e7800000,0x00000000e7af8030,0x00000000e7b00000)
  to   space 3072K, 0% used [0x00000000e8f00000,0x00000000e8f00000,0x00000000e9200000)
 ParOldGen       total 53248K, used 1772K [0x00000000b2c00000, 0x00000000b6000000, 0x00000000e6400000)
  object space 53248K, 3% used [0x00000000b2c00000,0x00000000b2dbb080,0x00000000b6000000)
 Metaspace       used 10924K, capacity 11270K, committed 11392K, reserved 1058816K
  class space    used 1175K, capacity 1295K, committed 1408K, reserved 1048576K
}
Event: 0.784 GC heap before
{Heap before GC invocations=2 (full 0):
 PSYoungGen      total 23552K, used 23520K [0x00000000e6400000, 0x00000000e9200000, 0x0000000100000000)
  eden space 20480K, 100% used [0x00000000e6400000,0x00000000e7800000,0x00000000e7800000)
  from space 3072K, 98% used [0x00000000e7800000,0x00000000e7af8030,0x00000000e7b00000)
  to   space 3072K, 0% used [0x00000000e8f00000,0x00000000e8f00000,0x00000000e9200000)
 ParOldGen       total 53248K, used 1772K [0x00000000b2c00000, 0x00000000b6000000, 0x00000000e6400000)
  object space 53248K, 3% used [0x00000000b2c00000,0x00000000b2dbb080,0x00000000b6000000)
 Metaspace       used 14620K, capacity 14910K, committed 15104K, reserved 1062912K
  class space    used 1612K, capacity 1718K, committed 1792K, reserved 1048576K
Event: 0.837 GC heap after
Heap after GC invocations=2 (full 0):
 PSYoungGen      total 44032K, used 3050K [0x00000000e6400000, 0x00000000e9200000, 0x0000000100000000)
  eden space 40960K, 0% used [0x00000000e6400000,0x00000000e6400000,0x00000000e8c00000)
  from space 3072K, 99% used [0x00000000e8f00000,0x00000000e91fa860,0x00000000e9200000)
  to   space 3072K, 0% used [0x00000000e8c00000,0x00000000e8c00000,0x00000000e8f00000)
 ParOldGen       total 53248K, used 7003K [0x00000000b2c00000, 0x00000000b6000000, 0x00000000e6400000)
  object space 53248K, 13% used [0x00000000b2c00000,0x00000000b32d6f08,0x00000000b6000000)
 Metaspace       used 14620K, capacity 14910K, committed 15104K, reserved 1062912K
  class space    used 1612K, capacity 1718K, committed 1792K, reserved 1048576K
}
Event: 1.145 GC heap before
{Heap before GC invocations=3 (full 0):
 PSYoungGen      total 44032K, used 44010K [0x00000000e6400000, 0x00000000e9200000, 0x0000000100000000)
  eden space 40960K, 100% used [0x00000000e6400000,0x00000000e8c00000,0x00000000e8c00000)
  from space 3072K, 99% used [0x00000000e8f00000,0x00000000e91fa860,0x00000000e9200000)
  to   space 3072K, 0% used [0x00000000e8c00000,0x00000000e8c00000,0x00000000e8f00000)
 ParOldGen       total 53248K, used 7003K [0x00000000b2c00000, 0x00000000b6000000, 0x00000000e6400000)
  object space 53248K, 13% used [0x00000000b2c00000,0x00000000b32d6f08,0x00000000b6000000)
 Metaspace       used 16487K, capacity 16810K, committed 17152K, reserved 1064960K
  class space    used 1825K, capacity 1945K, committed 2048K, reserved 1048576K
Event: 1.176 GC heap after
Heap after GC invocations=3 (full 0):
 PSYoungGen      total 44032K, used 3066K [0x00000000e6400000, 0x00000000eba00000, 0x0000000100000000)
  eden space 40960K, 0% used [0x00000000e6400000,0x00000000e6400000,0x00000000e8c00000)
  from space 3072K, 99% used [0x00000000e8c00000,0x00000000e8efe850,0x00000000e8f00000)
  to   space 3072K, 0% used [0x00000000eb700000,0x00000000eb700000,0x00000000eba00000)
 ParOldGen       total 53248K, used 15939K [0x00000000b2c00000, 0x00000000b6000000, 0x00000000e6400000)
  object space 53248K, 29% used [0x00000000b2c00000,0x00000000b3b90c48,0x00000000b6000000)
 Metaspace       used 16487K, capacity 16810K, committed 17152K, reserved 1064960K
  class space    used 1825K, capacity 1945K, committed 2048K, reserved 1048576K
}

